<?xml version="1.0" encoding="UTF-8"?>
<testng-results skipped="0" failed="0" ignored="0" total="2" passed="2">
  <reporter-output>
  </reporter-output>
  <suite name="Default suite" duration-ms="47462" started-at="2020-08-26T17:16:43 BRT" finished-at="2020-08-26T17:17:31 BRT">
    <groups>
      <group name="cucumber">
        <method signature="AbstractTestNGCucumberTests.runScenario(io.cucumber.testng.PickleEventWrapper, io.cucumber.testng.CucumberFeatureWrapper)[pri:0, instance:runner.TestRunner@4b553d26]" name="runScenario" class="io.cucumber.testng.AbstractTestNGCucumberTests"/>
      </group> <!-- cucumber -->
    </groups>
    <test name="Default test" duration-ms="47462" started-at="2020-08-26T17:16:43 BRT" finished-at="2020-08-26T17:17:31 BRT">
      <class name="runner.TestRunner">
        <test-method status="PASS" signature="setUpClass()[pri:0, instance:runner.TestRunner@4b553d26]" name="setUpClass" is-config="true" duration-ms="193" started-at="2020-08-26T17:16:43 BRT" finished-at="2020-08-26T17:16:44 BRT">
          <reporter-output>
          </reporter-output>
        </test-method> <!-- setUpClass -->
        <test-method status="PASS" signature="setUpBeforeClass()[pri:0, instance:runner.TestRunner@4b553d26]" name="setUpBeforeClass" is-config="true" duration-ms="77" started-at="2020-08-26T17:16:44 BRT" finished-at="2020-08-26T17:16:44 BRT">
          <reporter-output>
          </reporter-output>
        </test-method> <!-- setUpBeforeClass -->
        <test-method status="PASS" signature="runScenario(io.cucumber.testng.PickleEventWrapper, io.cucumber.testng.CucumberFeatureWrapper)[pri:0, instance:runner.TestRunner@4b553d26]" name="runScenario" duration-ms="24862" started-at="2020-08-26T17:16:44 BRT" description="Runs Cucumber Scenarios" data-provider="scenarios" finished-at="2020-08-26T17:17:09 BRT">
          <params>
            <param index="0">
              <value>
                <![CDATA["Validar apresentacao da descricao apple"]]>
              </value>
            </param>
            <param index="1">
              <value>
                <![CDATA["Desejo automatizar os testes web do desafio do MESA"]]>
              </value>
            </param>
          </params>
          <reporter-output>
          </reporter-output>
        </test-method> <!-- runScenario -->
        <test-method status="PASS" signature="runScenario(io.cucumber.testng.PickleEventWrapper, io.cucumber.testng.CucumberFeatureWrapper)[pri:0, instance:runner.TestRunner@4b553d26]" name="runScenario" duration-ms="21917" started-at="2020-08-26T17:17:09 BRT" description="Runs Cucumber Scenarios" data-provider="scenarios" finished-at="2020-08-26T17:17:31 BRT">
          <params>
            <param index="0">
              <value>
                <![CDATA["Validar apresentacao da descricao pear"]]>
              </value>
            </param>
            <param index="1">
              <value>
                <![CDATA["Desejo automatizar os testes web do desafio do MESA"]]>
              </value>
            </param>
          </params>
          <reporter-output>
          </reporter-output>
        </test-method> <!-- runScenario -->
        <test-method status="PASS" signature="tearDownAfterClass()[pri:0, instance:runner.TestRunner@4b553d26]" name="tearDownAfterClass" is-config="true" duration-ms="255" started-at="2020-08-26T17:17:31 BRT" finished-at="2020-08-26T17:17:31 BRT">
          <reporter-output>
          </reporter-output>
        </test-method> <!-- tearDownAfterClass -->
        <test-method status="PASS" signature="tearDownClass()[pri:0, instance:runner.TestRunner@4b553d26]" name="tearDownClass" is-config="true" duration-ms="51" started-at="2020-08-26T17:17:31 BRT" finished-at="2020-08-26T17:17:31 BRT">
          <reporter-output>
          </reporter-output>
        </test-method> <!-- tearDownClass -->
      </class> <!-- runner.TestRunner -->
    </test> <!-- Default test -->
  </suite> <!-- Default suite -->
</testng-results>
