<?xml version="1.0" encoding="UTF-8"?>
<!-- Generated by org.testng.reporters.JUnitXMLReporter -->
<testsuite hostname="CPX-3OA0BOY08WS" ignored="0" name="Default test" tests="2" failures="0" timestamp="2020-08-26T17:17:31 BRT" time="47.462" errors="0">
  <testcase name="runScenario" time="24.862" classname="io.cucumber.testng.AbstractTestNGCucumberTests"/>
  <testcase name="runScenario" time="21.917" classname="io.cucumber.testng.AbstractTestNGCucumberTests"/>
</testsuite> <!-- Default test -->
